07_05_2024_15-20-43.886 Rls1 функционирует    
07_05_2024_15-20-44.879 Rls2 функционирует    
07_05_2024_15-20-45.102 Rls1 цель подтверждена e8efd0 1598144 3141192 8956.47 баллистическая ракета
07_05_2024_15-20-45.880 Rls3 функционирует    
07_05_2024_15-20-45.518 Rls2 цель подтверждена 8a618f 5775063 5838763 81.74 самолет
07_05_2024_15-20-45.591 Rls2 цель подтверждена 1160f6 5759885 5963077 8491.87 баллистическая ракета
07_05_2024_15-20-45.665 Rls2 цель подтверждена 24d28e 3961171 4415084 63.50 самолет
07_05_2024_15-20-46.882 Spro функционирует    
07_05_2024_15-20-46.458 Rls2 цель подтверждена 70693f 3508768 5607241 359.92 крылатая ракета
07_05_2024_15-20-46.571 Rls2 цель подтверждена 66db05 4786531 5208679 206.82 самолет
07_05_2024_15-20-46.779 Rls2 цель подтверждена aeed35 5936539 5210017 836.71 крылатая ракета
07_05_2024_15-20-46.912 Rls2 цель подтверждена 2bb479 3189375 4655718 156.40 самолет
07_05_2024_15-20-47.013 Rls2 цель подтверждена 520ff5 8444764 6004546 915.89 крылатая ракета
07_05_2024_15-20-47.123 Rls2 цель подтверждена 4c23e4 7756785 4906749 581.30 крылатая ракета
07_05_2024_15-20-47.251 Rls2 цель подтверждена bae647 4037211 5908935 9830.82 баллистическая ракета
07_05_2024_15-20-47.378 Rls2 цель подтверждена 1cb3bf 4809452 6185034 9540.12 баллистическая ракета
07_05_2024_15-20-47.492 Rls2 цель подтверждена 34c394 4155568 4513372 9585.62 баллистическая ракета
07_05_2024_15-20-47.616 Rls2 цель подтверждена ca3bf6 8336650 6970461 9570.35 баллистическая ракета
07_05_2024_15-20-47.679 Rls2 цель подтверждена 30c8a3 4747278 6359325 481.76 крылатая ракета
07_05_2024_15-20-47.882 Zrdn1 функционирует    
07_05_2024_15-20-48.889 Zrdn2 функционирует    
07_05_2024_15-20-49.892 Zrdn3 функционирует    
07_05_2024_15-20-51.547 Zrdn3 цель подтверждена 58fc00 4114872 2636896 9354.46 баллистическая ракета
07_05_2024_15-20-51.723 Zrdn3 цель подтверждена 5a24f7 3611544 2027296 77.41 самолет
07_05_2024_15-20-51.746 Zrdn3 выстрел 5a24f7 3611544 2027296 77.41 самолет
07_05_2024_15-20-51.746 Zrdn3 осталось снарядов 19   
07_05_2024_15-20-53.445 Zrdn3 уничтожена цель 5a24f7 77.41   
07_05_2024_15-20-56.093 Rls2 цель подтверждена fc6591 5278762 6867600 903.41 крылатая ракета
07_05_2024_15-21-32.940 Rls2 цель подтверждена 33f995 5185042 5322014 717.27 крылатая ракета
07_05_2024_15-21-35.298 Rls1 цель подтверждена 37fec6 2786566 3552064 602.58 крылатая ракета
07_05_2024_15-21-35.792 Zrdn1 цель подтверждена d0a7be 4774500 3063850 9962.66 баллистическая ракета
07_05_2024_15-21-37.687 Rls2 цель подтверждена a0aa30 8508980 7362132 9176.73 баллистическая ракета
07_05_2024_15-21-38.270 Spro цель подтверждена 5738cd 5803136 3779008 68.11 самолет
07_05_2024_15-21-39.107 Rls2 цель подтверждена 5738cd 5803136 3779008 68.11 самолет
07_05_2024_15-21-39.341 Rls2 цель подтверждена 6c6da0 10297084 4719546 984.52 крылатая ракета
07_05_2024_15-21-44.254 Rls2 цель подтверждена 701b26 6013020 5236202 9660.34 баллистическая ракета
07_05_2024_15-21-46.857 Rls2 цель подтверждена f60011 6663780 5765860 9487.72 баллистическая ракета
07_05_2024_15-21-53.144 Rls2 цель подтверждена 5cb11e 9510950 4005400 8401.33 баллистическая ракета
07_05_2024_15-21-55.500 Rls2 цель подтверждена d0a7be 4613760 3143356 9962.66 баллистическая ракета
07_05_2024_15-22-05.059 Rls2 цель подтверждена 27b85a 6452256 5930634 694.89 крылатая ракета
07_05_2024_15-22-05.337 Rls2 цель подтверждена 7bcd54 3012154 3995116 8601.73 баллистическая ракета
07_05_2024_15-22-21.213 Rls2 цель подтверждена 8629e1 4915198 5113890 113.25 самолет
07_05_2024_15-22-22.200 Rls1 цель подтверждена 74220d 79636 2844240 8282.96 баллистическая ракета
